0 info it worked if it ends with ok
1 verbose cli [ 'node', '/usr/bin/npm', 'version', 'patch' ]
2 info using npm@3.3.5
3 info using node@v0.10.25
4 verbose node symlink /usr/bin/node
5 info git [ 'status', '--porcelain' ]
6 verbose stack Error: Git working directory not clean.
6 verbose stack D npm-debug.log
6 verbose stack     at /usr/lib/node_modules/npm/lib/version.js:172:21
6 verbose stack     at ChildProcess.exithandler (child_process.js:635:7)
6 verbose stack     at ChildProcess.EventEmitter.emit (events.js:98:17)
6 verbose stack     at maybeClose (child_process.js:743:16)
6 verbose stack     at Process.ChildProcess._handle.onexit (child_process.js:810:5)
7 verbose cwd /home/alexbruno/Workspaces/web-ninja/hexo-generator-json-content
8 error Linux 3.13.0-65-generic
9 error argv "node" "/usr/bin/npm" "version" "patch"
10 error node v0.10.25
11 error npm  v3.3.5
12 error Git working directory not clean.
12 error D npm-debug.log
13 error If you need help, you may report this error at:
13 error     <https://github.com/npm/npm/issues>
14 verbose exit [ 1, true ]
